Determining if the pthread_create exist failed with the following output:
Change Dir: /home/dmitry/CLionProjects/test_test/cmake-build-debug/CMakeFiles/CMakeTmp

Run Build Command:"/usr/bin/make" "cmTC_ec302/fast"
/usr/bin/make -f CMakeFiles/cmTC_ec302.dir/build.make CMakeFiles/cmTC_ec302.dir/build
make[1]: вход в каталог «/home/dmitry/CLionProjects/test_test/cmake-build-debug/CMakeFiles/CMakeTmp»
Building C object CMakeFiles/cmTC_ec302.dir/CheckSymbolExists.c.o
/usr/bin/cc    -o CMakeFiles/cmTC_ec302.dir/CheckSymbolExists.c.o   -c /home/dmitry/CLionProjects/test_test/cmake-build-debug/CMakeFiles/CMakeTmp/CheckSymbolExists.c
Linking C executable cmTC_ec302
/home/dmitry/clion-2018.3.4/bin/cmake/linux/bin/cmake -E cmake_link_script CMakeFiles/cmTC_ec302.dir/link.txt --verbose=1
/usr/bin/cc      -rdynamic CMakeFiles/cmTC_ec302.dir/CheckSymbolExists.c.o  -o cmTC_ec302 
CMakeFiles/cmTC_ec302.dir/CheckSymbolExists.c.o: In function `main':
CheckSymbolExists.c:(.text+0x1b): undefined reference to `pthread_create'
collect2: error: ld returned 1 exit status
CMakeFiles/cmTC_ec302.dir/build.make:86: recipe for target 'cmTC_ec302' failed
make[1]: *** [cmTC_ec302] Error 1
make[1]: выход из каталога «/home/dmitry/CLionProjects/test_test/cmake-build-debug/CMakeFiles/CMakeTmp»
Makefile:121: recipe for target 'cmTC_ec302/fast' failed
make: *** [cmTC_ec302/fast] Error 2

File /home/dmitry/CLionProjects/test_test/cmake-build-debug/CMakeFiles/CMakeTmp/CheckSymbolExists.c:
/* */
#include <pthread.h>

int main(int argc, char** argv)
{
  (void)argv;
#ifndef pthread_create
  return ((int*)(&pthread_create))[argc];
#else
  (void)argc;
  return 0;
#endif
}

Determining if the function pthread_create exists in the pthreads failed with the following output:
Change Dir: /home/dmitry/CLionProjects/test_test/cmake-build-debug/CMakeFiles/CMakeTmp

Run Build Command:"/usr/bin/make" "cmTC_387a0/fast"
/usr/bin/make -f CMakeFiles/cmTC_387a0.dir/build.make CMakeFiles/cmTC_387a0.dir/build
make[1]: вход в каталог «/home/dmitry/CLionProjects/test_test/cmake-build-debug/CMakeFiles/CMakeTmp»
Building C object CMakeFiles/cmTC_387a0.dir/CheckFunctionExists.c.o
/usr/bin/cc   -DCHECK_FUNCTION_EXISTS=pthread_create   -o CMakeFiles/cmTC_387a0.dir/CheckFunctionExists.c.o   -c /home/dmitry/clion-2018.3.4/bin/cmake/linux/share/cmake-3.13/Modules/CheckFunctionExists.c
Linking C executable cmTC_387a0
/home/dmitry/clion-2018.3.4/bin/cmake/linux/bin/cmake -E cmake_link_script CMakeFiles/cmTC_387a0.dir/link.txt --verbose=1
/usr/bin/cc  -DCHECK_FUNCTION_EXISTS=pthread_create    -rdynamic CMakeFiles/cmTC_387a0.dir/CheckFunctionExists.c.o  -o cmTC_387a0 -lpthreads 
/usr/bin/ld: cannot find -lpthreads
collect2: error: ld returned 1 exit status
CMakeFiles/cmTC_387a0.dir/build.make:86: recipe for target 'cmTC_387a0' failed
make[1]: *** [cmTC_387a0] Error 1
make[1]: выход из каталога «/home/dmitry/CLionProjects/test_test/cmake-build-debug/CMakeFiles/CMakeTmp»
Makefile:121: recipe for target 'cmTC_387a0/fast' failed
make: *** [cmTC_387a0/fast] Error 2


